/*C49*/SET SCHEMA PUBLIC
DISCONNECT
/*C50*/SET SCHEMA PUBLIC
DISCONNECT
/*C51*/SET SCHEMA PUBLIC
DISCONNECT
/*C52*/SET SCHEMA PUBLIC
INSERT INTO MEDICOS VALUES(2,'Willer','M',2,'Cirurgi\u00e3o Pl\u00e1stico')
COMMIT
DISCONNECT
/*C53*/SET SCHEMA PUBLIC
DISCONNECT
/*C54*/SET SCHEMA PUBLIC
INSERT INTO PACIENTES VALUES(2,'Jo\u00e3o','M','Rua','12345678',3,'Bradesco Seguros')
COMMIT
DISCONNECT
/*C55*/SET SCHEMA PUBLIC
DISCONNECT
/*C56*/SET SCHEMA PUBLIC
DELETE FROM PACIENTES WHERE CODIGO=1
INSERT INTO PACIENTES VALUES(1,'Maria','F','Rua','87654321',1,'Unimed')
COMMIT
DISCONNECT
/*C57*/SET SCHEMA PUBLIC
DISCONNECT
/*C58*/SET SCHEMA PUBLIC
DELETE FROM PACIENTES WHERE CODIGO=2
COMMIT
DISCONNECT
/*C59*/SET SCHEMA PUBLIC
DISCONNECT
/*C60*/SET SCHEMA PUBLIC
DELETE FROM MEDICOS WHERE CODIGO=1
COMMIT
DISCONNECT
/*C61*/SET SCHEMA PUBLIC
DISCONNECT
/*C62*/SET SCHEMA PUBLIC
INSERT INTO CONSULTAS VALUES(2,2,'Willer',2,'Cirurgi\u00e3o Pl\u00e1stico','Marcos',2,'Desvio','22/01/2021','10:00',1,'Unimed')
COMMIT
DISCONNECT
/*C63*/SET SCHEMA PUBLIC
DISCONNECT
/*C64*/SET SCHEMA PUBLIC
DISCONNECT
/*C65*/SET SCHEMA PUBLIC
DISCONNECT
/*C66*/SET SCHEMA PUBLIC
DELETE FROM CONSULTAS WHERE CODIGO=1
COMMIT
DISCONNECT
/*C67*/SET SCHEMA PUBLIC
DISCONNECT
/*C68*/SET SCHEMA PUBLIC
DISCONNECT
/*C69*/SET SCHEMA PUBLIC
DISCONNECT
/*C70*/SET SCHEMA PUBLIC
DISCONNECT
/*C71*/SET SCHEMA PUBLIC
DISCONNECT
/*C72*/SET SCHEMA PUBLIC
DISCONNECT
